Determining if the pthread_create exist failed with the following output:
Change Dir: /home/lei/hector/build/CMakeFiles/CMakeTmp

Run Build Command:"/usr/bin/make" "cmTC_782bb/fast"
/usr/bin/make -f CMakeFiles/cmTC_782bb.dir/build.make CMakeFiles/cmTC_782bb.dir/build
make[1]: Entering directory '/home/lei/hector/build/CMakeFiles/CMakeTmp'
Building C object CMakeFiles/cmTC_782bb.dir/CheckSymbolExists.c.o
/usr/bin/cc     -o CMakeFiles/cmTC_782bb.dir/CheckSymbolExists.c.o   -c /home/lei/hector/build/CMakeFiles/CMakeTmp/CheckSymbolExists.c
Linking C executable cmTC_782bb
/usr/bin/cmake -E cmake_link_script CMakeFiles/cmTC_782bb.dir/link.txt --verbose=1
/usr/bin/cc       CMakeFiles/cmTC_782bb.dir/CheckSymbolExists.c.o  -o cmTC_782bb -rdynamic 
CMakeFiles/cmTC_782bb.dir/CheckSymbolExists.c.o: In function `main':
CheckSymbolExists.c:(.text+0x16): undefined reference to `pthread_create'
collect2: error: ld returned 1 exit status
CMakeFiles/cmTC_782bb.dir/build.make:97: recipe for target 'cmTC_782bb' failed
make[1]: *** [cmTC_782bb] Error 1
make[1]: Leaving directory '/home/lei/hector/build/CMakeFiles/CMakeTmp'
Makefile:126: recipe for target 'cmTC_782bb/fast' failed
make: *** [cmTC_782bb/fast] Error 2

File /home/lei/hector/build/CMakeFiles/CMakeTmp/CheckSymbolExists.c:
/* */
#include <pthread.h>

int main(int argc, char** argv)
{
  (void)argv;
#ifndef pthread_create
  return ((int*)(&pthread_create))[argc];
#else
  (void)argc;
  return 0;
#endif
}

Determining if the function pthread_create exists in the pthreads failed with the following output:
Change Dir: /home/lei/hector/build/CMakeFiles/CMakeTmp

Run Build Command:"/usr/bin/make" "cmTC_a5874/fast"
/usr/bin/make -f CMakeFiles/cmTC_a5874.dir/build.make CMakeFiles/cmTC_a5874.dir/build
make[1]: Entering directory '/home/lei/hector/build/CMakeFiles/CMakeTmp'
Building C object CMakeFiles/cmTC_a5874.dir/CheckFunctionExists.c.o
/usr/bin/cc    -DCHECK_FUNCTION_EXISTS=pthread_create   -o CMakeFiles/cmTC_a5874.dir/CheckFunctionExists.c.o   -c /usr/share/cmake-3.5/Modules/CheckFunctionExists.c
Linking C executable cmTC_a5874
/usr/bin/cmake -E cmake_link_script CMakeFiles/cmTC_a5874.dir/link.txt --verbose=1
/usr/bin/cc   -DCHECK_FUNCTION_EXISTS=pthread_create    CMakeFiles/cmTC_a5874.dir/CheckFunctionExists.c.o  -o cmTC_a5874 -rdynamic -lpthreads 
/usr/bin/ld: cannot find -lpthreads
collect2: error: ld returned 1 exit status
CMakeFiles/cmTC_a5874.dir/build.make:97: recipe for target 'cmTC_a5874' failed
make[1]: *** [cmTC_a5874] Error 1
make[1]: Leaving directory '/home/lei/hector/build/CMakeFiles/CMakeTmp'
Makefile:126: recipe for target 'cmTC_a5874/fast' failed
make: *** [cmTC_a5874/fast] Error 2


Determining if the Q_WS_WIN exist failed with the following output:
Change Dir: /home/lei/hector/build/CMakeFiles/CMakeTmp

Run Build Command:"/usr/bin/make" "cmTC_88173/fast"
/usr/bin/make -f CMakeFiles/cmTC_88173.dir/build.make CMakeFiles/cmTC_88173.dir/build
make[1]: Entering directory '/home/lei/hector/build/CMakeFiles/CMakeTmp'
Building CXX object CMakeFiles/cmTC_88173.dir/CheckSymbolExists.cxx.o
/usr/bin/c++    -I/usr/include/qt4   -o CMakeFiles/cmTC_88173.dir/CheckSymbolExists.cxx.o -c /home/lei/hector/build/CMakeFiles/CMakeTmp/CheckSymbolExists.cxx
/home/lei/hector/build/CMakeFiles/CMakeTmp/CheckSymbolExists.cxx: In function ‘int main(int, char**)’:
/home/lei/hector/build/CMakeFiles/CMakeTmp/CheckSymbolExists.cxx:8:19: error: ‘Q_WS_WIN’ was not declared in this scope
   return ((int*)(&Q_WS_WIN))[argc];
                   ^
CMakeFiles/cmTC_88173.dir/build.make:65: recipe for target 'CMakeFiles/cmTC_88173.dir/CheckSymbolExists.cxx.o' failed
make[1]: *** [CMakeFiles/cmTC_88173.dir/CheckSymbolExists.cxx.o] Error 1
make[1]: Leaving directory '/home/lei/hector/build/CMakeFiles/CMakeTmp'
Makefile:126: recipe for target 'cmTC_88173/fast' failed
make: *** [cmTC_88173/fast] Error 2

File /home/lei/hector/build/CMakeFiles/CMakeTmp/CheckSymbolExists.cxx:
/* */
#include <QtCore/qglobal.h>

int main(int argc, char** argv)
{
  (void)argv;
#ifndef Q_WS_WIN
  return ((int*)(&Q_WS_WIN))[argc];
#else
  (void)argc;
  return 0;
#endif
}

Determining if the Q_WS_QWS exist failed with the following output:
Change Dir: /home/lei/hector/build/CMakeFiles/CMakeTmp

Run Build Command:"/usr/bin/make" "cmTC_ec972/fast"
/usr/bin/make -f CMakeFiles/cmTC_ec972.dir/build.make CMakeFiles/cmTC_ec972.dir/build
make[1]: Entering directory '/home/lei/hector/build/CMakeFiles/CMakeTmp'
Building CXX object CMakeFiles/cmTC_ec972.dir/CheckSymbolExists.cxx.o
/usr/bin/c++    -I/usr/include/qt4   -o CMakeFiles/cmTC_ec972.dir/CheckSymbolExists.cxx.o -c /home/lei/hector/build/CMakeFiles/CMakeTmp/CheckSymbolExists.cxx
/home/lei/hector/build/CMakeFiles/CMakeTmp/CheckSymbolExists.cxx: In function ‘int main(int, char**)’:
/home/lei/hector/build/CMakeFiles/CMakeTmp/CheckSymbolExists.cxx:8:19: error: ‘Q_WS_QWS’ was not declared in this scope
   return ((int*)(&Q_WS_QWS))[argc];
                   ^
CMakeFiles/cmTC_ec972.dir/build.make:65: recipe for target 'CMakeFiles/cmTC_ec972.dir/CheckSymbolExists.cxx.o' failed
make[1]: *** [CMakeFiles/cmTC_ec972.dir/CheckSymbolExists.cxx.o] Error 1
make[1]: Leaving directory '/home/lei/hector/build/CMakeFiles/CMakeTmp'
Makefile:126: recipe for target 'cmTC_ec972/fast' failed
make: *** [cmTC_ec972/fast] Error 2

File /home/lei/hector/build/CMakeFiles/CMakeTmp/CheckSymbolExists.cxx:
/* */
#include <QtCore/qglobal.h>

int main(int argc, char** argv)
{
  (void)argv;
#ifndef Q_WS_QWS
  return ((int*)(&Q_WS_QWS))[argc];
#else
  (void)argc;
  return 0;
#endif
}

Determining if the Q_WS_MAC exist failed with the following output:
Change Dir: /home/lei/hector/build/CMakeFiles/CMakeTmp

Run Build Command:"/usr/bin/make" "cmTC_db1da/fast"
/usr/bin/make -f CMakeFiles/cmTC_db1da.dir/build.make CMakeFiles/cmTC_db1da.dir/build
make[1]: Entering directory '/home/lei/hector/build/CMakeFiles/CMakeTmp'
Building CXX object CMakeFiles/cmTC_db1da.dir/CheckSymbolExists.cxx.o
/usr/bin/c++    -I/usr/include/qt4   -o CMakeFiles/cmTC_db1da.dir/CheckSymbolExists.cxx.o -c /home/lei/hector/build/CMakeFiles/CMakeTmp/CheckSymbolExists.cxx
/home/lei/hector/build/CMakeFiles/CMakeTmp/CheckSymbolExists.cxx: In function ‘int main(int, char**)’:
/home/lei/hector/build/CMakeFiles/CMakeTmp/CheckSymbolExists.cxx:8:19: error: ‘Q_WS_MAC’ was not declared in this scope
   return ((int*)(&Q_WS_MAC))[argc];
                   ^
CMakeFiles/cmTC_db1da.dir/build.make:65: recipe for target 'CMakeFiles/cmTC_db1da.dir/CheckSymbolExists.cxx.o' failed
make[1]: *** [CMakeFiles/cmTC_db1da.dir/CheckSymbolExists.cxx.o] Error 1
make[1]: Leaving directory '/home/lei/hector/build/CMakeFiles/CMakeTmp'
Makefile:126: recipe for target 'cmTC_db1da/fast' failed
make: *** [cmTC_db1da/fast] Error 2

File /home/lei/hector/build/CMakeFiles/CMakeTmp/CheckSymbolExists.cxx:
/* */
#include <QtCore/qglobal.h>

int main(int argc, char** argv)
{
  (void)argv;
#ifndef Q_WS_MAC
  return ((int*)(&Q_WS_MAC))[argc];
#else
  (void)argc;
  return 0;
#endif
}

