Determining if the pthread_create exist failed with the following output:
Change Dir: /home/lei/karto/build/CMakeFiles/CMakeTmp

Run Build Command:"/usr/bin/make" "cmTC_c6adc/fast"
/usr/bin/make -f CMakeFiles/cmTC_c6adc.dir/build.make CMakeFiles/cmTC_c6adc.dir/build
make[1]: Entering directory '/home/lei/karto/build/CMakeFiles/CMakeTmp'
Building C object CMakeFiles/cmTC_c6adc.dir/CheckSymbolExists.c.o
/usr/bin/cc     -o CMakeFiles/cmTC_c6adc.dir/CheckSymbolExists.c.o   -c /home/lei/karto/build/CMakeFiles/CMakeTmp/CheckSymbolExists.c
Linking C executable cmTC_c6adc
/usr/bin/cmake -E cmake_link_script CMakeFiles/cmTC_c6adc.dir/link.txt --verbose=1
/usr/bin/cc       CMakeFiles/cmTC_c6adc.dir/CheckSymbolExists.c.o  -o cmTC_c6adc -rdynamic 
CMakeFiles/cmTC_c6adc.dir/CheckSymbolExists.c.o: In function `main':
CheckSymbolExists.c:(.text+0x16): undefined reference to `pthread_create'
collect2: error: ld returned 1 exit status
CMakeFiles/cmTC_c6adc.dir/build.make:97: recipe for target 'cmTC_c6adc' failed
make[1]: *** [cmTC_c6adc] Error 1
make[1]: Leaving directory '/home/lei/karto/build/CMakeFiles/CMakeTmp'
Makefile:126: recipe for target 'cmTC_c6adc/fast' failed
make: *** [cmTC_c6adc/fast] Error 2

File /home/lei/karto/build/CMakeFiles/CMakeTmp/CheckSymbolExists.c:
/* */
#include <pthread.h>

int main(int argc, char** argv)
{
  (void)argv;
#ifndef pthread_create
  return ((int*)(&pthread_create))[argc];
#else
  (void)argc;
  return 0;
#endif
}

Determining if the function pthread_create exists in the pthreads failed with the following output:
Change Dir: /home/lei/karto/build/CMakeFiles/CMakeTmp

Run Build Command:"/usr/bin/make" "cmTC_0da45/fast"
/usr/bin/make -f CMakeFiles/cmTC_0da45.dir/build.make CMakeFiles/cmTC_0da45.dir/build
make[1]: Entering directory '/home/lei/karto/build/CMakeFiles/CMakeTmp'
Building C object CMakeFiles/cmTC_0da45.dir/CheckFunctionExists.c.o
/usr/bin/cc    -DCHECK_FUNCTION_EXISTS=pthread_create   -o CMakeFiles/cmTC_0da45.dir/CheckFunctionExists.c.o   -c /usr/share/cmake-3.5/Modules/CheckFunctionExists.c
Linking C executable cmTC_0da45
/usr/bin/cmake -E cmake_link_script CMakeFiles/cmTC_0da45.dir/link.txt --verbose=1
/usr/bin/cc   -DCHECK_FUNCTION_EXISTS=pthread_create    CMakeFiles/cmTC_0da45.dir/CheckFunctionExists.c.o  -o cmTC_0da45 -rdynamic -lpthreads 
/usr/bin/ld: cannot find -lpthreads
collect2: error: ld returned 1 exit status
CMakeFiles/cmTC_0da45.dir/build.make:97: recipe for target 'cmTC_0da45' failed
make[1]: *** [cmTC_0da45] Error 1
make[1]: Leaving directory '/home/lei/karto/build/CMakeFiles/CMakeTmp'
Makefile:126: recipe for target 'cmTC_0da45/fast' failed
make: *** [cmTC_0da45/fast] Error 2


